# JRE version: OpenJDK Runtime Environment (8.0_242-b01) (build 1.8.0_242-release-1644-b01)
# Java VM: OpenJDK 64-Bit Server VM (25.242-b01 mixed mode windows-amd64 compressed oops)
Heap:
 PSYoungGen      total 152064K, used 189K [0x00000000d5580000, 0x00000000dfc80000, 0x0000000100000000)
  eden space 144384K, 0% used [0x00000000d5580000,0x00000000d55af6e8,0x00000000de280000)
  from space 7680K, 0% used [0x00000000df500000,0x00000000df500000,0x00000000dfc80000)
  to   space 13312K, 0% used [0x00000000de280000,0x00000000de280000,0x00000000def80000)
 ParOldGen       total 82432K, used 16253K [0x0000000080000000, 0x0000000085080000, 0x00000000d5580000)
  object space 82432K, 19% used [0x0000000080000000,0x0000000080fdf4c8,0x0000000085080000)
 Metaspace       used 41623K, capacity 43134K, committed 43944K, reserved 1089536K
  class space    used 5655K, capacity 5937K, committed 6064K, reserved 1048576K
GC Heap History (10 events):
Event: 11.914 GC heap before
{Heap before GC invocations=16 (full 4):
 PSYoungGen      total 150016K, used 128K [0x00000000d5580000, 0x00000000dfd80000, 0x0000000100000000)
  eden space 141312K, 0% used [0x00000000d5580000,0x00000000d5580000,0x00000000ddf80000)
  from space 8704K, 1% used [0x00000000df500000,0x00000000df520000,0x00000000dfd80000)
  to   space 11776K, 0% used [0x00000000de680000,0x00000000de680000,0x00000000df200000)
 ParOldGen       total 82432K, used 22058K [0x0000000080000000, 0x0000000085080000, 0x00000000d5580000)
  object space 82432K, 26% used [0x0000000080000000,0x000000008158a958,0x0000000085080000)
 Metaspace       used 41862K, capacity 43506K, committed 43688K, reserved 1093632K
  class space    used 5707K, capacity 6035K, committed 6064K, reserved 1048576K
Event: 11.954 GC heap after
Heap after GC invocations=16 (full 4):
 PSYoungGen      total 150016K, used 0K [0x00000000d5580000, 0x00000000dfd80000, 0x0000000100000000)
  eden space 141312K, 0% used [0x00000000d5580000,0x00000000d5580000,0x00000000ddf80000)
  from space 8704K, 0% used [0x00000000df500000,0x00000000df500000,0x00000000dfd80000)
  to   space 11776K, 0% used [0x00000000de680000,0x00000000de680000,0x00000000df200000)
 ParOldGen       total 82432K, used 19755K [0x0000000080000000, 0x0000000085080000, 0x00000000d5580000)
  object space 82432K, 23% used [0x0000000080000000,0x000000008134ad38,0x0000000085080000)
 Metaspace       used 41862K, capacity 43506K, committed 43688K, reserved 1089536K
  class space    used 5707K, capacity 6035K, committed 6064K, reserved 1048576K
}
Event: 11.954 GC heap before
{Heap before GC invocations=17 (full 4):
 PSYoungGen      total 150016K, used 0K [0x00000000d5580000, 0x00000000dfd80000, 0x0000000100000000)
  eden space 141312K, 0% used [0x00000000d5580000,0x00000000d5580000,0x00000000ddf80000)
  from space 8704K, 0% used [0x00000000df500000,0x00000000df500000,0x00000000dfd80000)
  to   space 11776K, 0% used [0x00000000de680000,0x00000000de680000,0x00000000df200000)
 ParOldGen       total 82432K, used 19755K [0x0000000080000000, 0x0000000085080000, 0x00000000d5580000)
  object space 82432K, 23% used [0x0000000080000000,0x000000008134ad38,0x0000000085080000)
 Metaspace       used 41862K, capacity 43506K, committed 43688K, reserved 1093632K
  class space    used 5707K, capacity 6035K, committed 6064K, reserved 1048576K
Event: 11.955 GC heap after
Heap after GC invocations=17 (full 4):
 PSYoungGen      total 153088K, used 0K [0x00000000d5580000, 0x00000000dfd80000, 0x0000000100000000)
  eden space 141312K, 0% used [0x00000000d5580000,0x00000000d5580000,0x00000000ddf80000)
  from space 11776K, 0% used [0x00000000de680000,0x00000000de680000,0x00000000df200000)
  to   space 8704K, 0% used [0x00000000df500000,0x00000000df500000,0x00000000dfd80000)
 ParOldGen       total 82432K, used 19755K [0x0000000080000000, 0x0000000085080000, 0x00000000d5580000)
  object space 82432K, 23% used [0x0000000080000000,0x000000008134ad38,0x0000000085080000)
 Metaspace       used 41862K, capacity 43506K, committed 43688K, reserved 1093632K
  class space    used 5707K, capacity 6035K, committed 6064K, reserved 1048576K
}
Event: 11.955 GC heap before
{Heap before GC invocations=18 (full 5):
 PSYoungGen      total 153088K, used 0K [0x00000000d5580000, 0x00000000dfd80000, 0x0000000100000000)
  eden space 141312K, 0% used [0x00000000d5580000,0x00000000d5580000,0x00000000ddf80000)
  from space 11776K, 0% used [0x00000000de680000,0x00000000de680000,0x00000000df200000)
  to   space 8704K, 0% used [0x00000000df500000,0x00000000df500000,0x00000000dfd80000)
 ParOldGen       total 82432K, used 19755K [0x0000000080000000, 0x0000000085080000, 0x00000000d5580000)
  object space 82432K, 23% used [0x0000000080000000,0x000000008134ad38,0x0000000085080000)
 Metaspace       used 41862K, capacity 43506K, committed 43688K, reserved 1093632K
  class space    used 5707K, capacity 6035K, committed 6064K, reserved 1048576K
Event: 12.083 GC heap after
Heap after GC invocations=18 (full 5):
 PSYoungGen      total 153088K, used 0K [0x00000000d5580000, 0x00000000dfd80000, 0x0000000100000000)
  eden space 141312K, 0% used [0x00000000d5580000,0x00000000d5580000,0x00000000ddf80000)
  from space 11776K, 0% used [0x00000000de680000,0x00000000de680000,0x00000000df200000)
  to   space 8704K, 0% used [0x00000000df500000,0x00000000df500000,0x00000000dfd80000)
 ParOldGen       total 82432K, used 16855K [0x0000000080000000, 0x0000000085080000, 0x00000000d5580000)
  object space 82432K, 20% used [0x0000000080000000,0x0000000081075fc0,0x0000000085080000)
 Metaspace       used 41623K, capacity 43070K, committed 43688K, reserved 1089536K
  class space    used 5655K, capacity 5937K, committed 6064K, reserved 1048576K
}
Event: 12.085 GC heap before
{Heap before GC invocations=19 (full 5):
 PSYoungGen      total 153088K, used 312K [0x00000000d5580000, 0x00000000dfd80000, 0x0000000100000000)
  eden space 141312K, 0% used [0x00000000d5580000,0x00000000d55ce088,0x00000000ddf80000)
  from space 11776K, 0% used [0x00000000de680000,0x00000000de680000,0x00000000df200000)
  to   space 8704K, 0% used [0x00000000df500000,0x00000000df500000,0x00000000dfd80000)
 ParOldGen       total 82432K, used 16855K [0x0000000080000000, 0x0000000085080000, 0x00000000d5580000)
  object space 82432K, 20% used [0x0000000080000000,0x0000000081075fc0,0x0000000085080000)
 Metaspace       used 41623K, capacity 43070K, committed 43688K, reserved 1095680K
  class space    used 5655K, capacity 5937K, committed 6064K, reserved 1048576K
Event: 12.086 GC heap after
Heap after GC invocations=19 (full 5):
 PSYoungGen      total 152064K, used 64K [0x00000000d5580000, 0x00000000dfc80000, 0x0000000100000000)
  eden space 144384K, 0% used [0x00000000d5580000,0x00000000d5580000,0x00000000de280000)
  from space 7680K, 0% used [0x00000000df500000,0x00000000df510000,0x00000000dfc80000)
  to   space 13312K, 0% used [0x00000000de280000,0x00000000de280000,0x00000000def80000)
 ParOldGen       total 82432K, used 16855K [0x0000000080000000, 0x0000000085080000, 0x00000000d5580000)
  object space 82432K, 20% used [0x0000000080000000,0x0000000081075fc0,0x0000000085080000)
 Metaspace       used 41623K, capacity 43070K, committed 43688K, reserved 1095680K
  class space    used 5655K, capacity 5937K, committed 6064K, reserved 1048576K
}
Event: 12.086 GC heap before
{Heap before GC invocations=20 (full 6):
 PSYoungGen      total 152064K, used 64K [0x00000000d5580000, 0x00000000dfc80000, 0x0000000100000000)
  eden space 144384K, 0% used [0x00000000d5580000,0x00000000d5580000,0x00000000de280000)
  from space 7680K, 0% used [0x00000000df500000,0x00000000df510000,0x00000000dfc80000)
  to   space 13312K, 0% used [0x00000000de280000,0x00000000de280000,0x00000000def80000)
 ParOldGen       total 82432K, used 16855K [0x0000000080000000, 0x0000000085080000, 0x00000000d5580000)
  object space 82432K, 20% used [0x0000000080000000,0x0000000081075fc0,0x0000000085080000)
 Metaspace       used 41623K, capacity 43070K, committed 43688K, reserved 1095680K
  class space    used 5655K, capacity 5937K, committed 6064K, reserved 1048576K
Event: 12.133 GC heap after
Heap after GC invocations=20 (full 6):
 PSYoungGen      total 152064K, used 0K [0x00000000d5580000, 0x00000000dfc80000, 0x0000000100000000)
  eden space 144384K, 0% used [0x00000000d5580000,0x00000000d5580000,0x00000000de280000)
  from space 7680K, 0% used [0x00000000df500000,0x00000000df500000,0x00000000dfc80000)
  to   space 13312K, 0% used [0x00000000de280000,0x00000000de280000,0x00000000def80000)
 ParOldGen       total 82432K, used 16253K [0x0000000080000000, 0x0000000085080000, 0x00000000d5580000)
  object space 82432K, 19% used [0x0000000080000000,0x0000000080fdf4c8,0x0000000085080000)
 Metaspace       used 41623K, capacity 43070K, committed 43688K, reserved 1089536K
  class space    used 5655K, capacity 5937K, committed 6064K, reserved 1048576K
}

